<?xml version="1.0" encoding="UTF-8"?>
<testng-results skipped="0" failed="0" total="1" passed="1">
  <reporter-output>
  </reporter-output>
  <suite name="Suite" duration-ms="6428" started-at="2019-03-18T01:33:25Z" finished-at="2019-03-18T01:33:31Z">
    <groups>
    </groups>
    <test name="Test" duration-ms="6428" started-at="2019-03-18T01:33:25Z" finished-at="2019-03-18T01:33:31Z">
      <class name="openbaidu.openbaisdu">
        <test-method status="PASS" signature="setUp()[pri:0, instance:openbaidu.openbaisdu@66133adc]" name="setUp" duration-ms="6417" started-at="2019-03-18T09:33:25Z" finished-at="2019-03-18T09:33:31Z">
          <reporter-output>
          </reporter-output>
        </test-method> <!-- setUp -->
      </class> <!-- openbaidu.openbaisdu -->
    </test> <!-- Test -->
  </suite> <!-- Suite -->
</testng-results>
