<?xml version="1.0" encoding="UTF-8"?>
<testng-results skipped="0" failed="0" total="2" passed="2">
  <reporter-output>
  </reporter-output>
  <suite name="Default suite" duration-ms="6164" started-at="2019-03-26T01:05:24Z" finished-at="2019-03-26T01:05:30Z">
    <groups>
    </groups>
    <test name="Default test" duration-ms="6164" started-at="2019-03-26T01:05:24Z" finished-at="2019-03-26T01:05:30Z">
      <class name="openbaidu.NewTest">
        <test-method status="PASS" signature="f()[pri:0, instance:openbaidu.NewTest@1bc6a36e]" name="f" duration-ms="0" started-at="2019-03-26T09:05:30Z" finished-at="2019-03-26T09:05:30Z">
          <reporter-output>
          </reporter-output>
        </test-method> <!-- f -->
      </class> <!-- openbaidu.NewTest -->
      <class name="openbaidu.openbaisdu">
        <test-method status="PASS" signature="setUp()[pri:0, instance:openbaidu.openbaisdu@22a71081]" name="setUp" duration-ms="6151" started-at="2019-03-26T09:05:24Z" finished-at="2019-03-26T09:05:30Z">
          <reporter-output>
          </reporter-output>
        </test-method> <!-- setUp -->
      </class> <!-- openbaidu.openbaisdu -->
    </test> <!-- Default test -->
  </suite> <!-- Default suite -->
</testng-results>
